<?xml version="1.0" encoding="UTF-8"?>
<testsuite xmlns:xsi="http://www.w3.org/2001/XMLSchema-instance" xsi:noNamespaceSchemaLocation="https://maven.apache.org/surefire/maven-surefire-plugin/xsd/surefire-test-report.xsd" name="Runner.TestingRunner" time="75.782" tests="16" errors="0" skipped="0" failures="0">
  <properties>
    <property name="gopherProxySet" value="false"/>
    <property name="awt.toolkit" value="sun.lwawt.macosx.LWCToolkit"/>
    <property name="java.specification.version" value="11"/>
    <property name="sun.cpu.isalist" value=""/>
    <property name="sun.jnu.encoding" value="UTF-8"/>
    <property name="java.class.path" value="/Users/aidaomuralieva/Downloads/NewFramework/target/test-classes:/Users/aidaomuralieva/Downloads/NewFramework/target/classes:/Users/aidaomuralieva/.m2/repository/org/codehaus/jackson/jackson-mapper-asl/1.9.13/jackson-mapper-asl-1.9.13.jar:/Users/aidaomuralieva/.m2/repository/org/codehaus/jackson/jackson-core-asl/1.9.13/jackson-core-asl-1.9.13.jar:/Users/aidaomuralieva/.m2/repository/log4j/log4j/1.2.17/log4j-1.2.17.jar:/Users/aidaomuralieva/.m2/repository/org/hamcrest/hamcrest-all/1.3/hamcrest-all-1.3.jar:/Users/aidaomuralieva/.m2/repository/mysql/mysql-connector-java/6.0.5/mysql-connector-java-6.0.5.jar:/Users/aidaomuralieva/.m2/repository/io/rest-assured/json-path/4.0.0/json-path-4.0.0.jar:/Users/aidaomuralieva/.m2/repository/org/codehaus/groovy/groovy-json/2.5.6/groovy-json-2.5.6.jar:/Users/aidaomuralieva/.m2/repository/org/codehaus/groovy/groovy/2.5.6/groovy-2.5.6.jar:/Users/aidaomuralieva/.m2/repository/io/rest-assured/rest-assured-common/4.0.0/rest-assured-common-4.0.0.jar:/Users/aidaomuralieva/.m2/repository/org/seleniumhq/selenium/selenium-java/3.141.59/selenium-java-3.141.59.jar:/Users/aidaomuralieva/.m2/repository/org/seleniumhq/selenium/selenium-api/3.141.59/selenium-api-3.141.59.jar:/Users/aidaomuralieva/.m2/repository/org/seleniumhq/selenium/selenium-chrome-driver/3.141.59/selenium-chrome-driver-3.141.59.jar:/Users/aidaomuralieva/.m2/repository/org/seleniumhq/selenium/selenium-edge-driver/3.141.59/selenium-edge-driver-3.141.59.jar:/Users/aidaomuralieva/.m2/repository/org/seleniumhq/selenium/selenium-firefox-driver/3.141.59/selenium-firefox-driver-3.141.59.jar:/Users/aidaomuralieva/.m2/repository/org/seleniumhq/selenium/selenium-ie-driver/3.141.59/selenium-ie-driver-3.141.59.jar:/Users/aidaomuralieva/.m2/repository/org/seleniumhq/selenium/selenium-opera-driver/3.141.59/selenium-opera-driver-3.141.59.jar:/Users/aidaomuralieva/.m2/repository/org/seleniumhq/selenium/selenium-remote-driver/3.141.59/selenium-remote-driver-3.141.59.jar:/Users/aidaomuralieva/.m2/repository/org/seleniumhq/selenium/selenium-safari-driver/3.141.59/selenium-safari-driver-3.141.59.jar:/Users/aidaomuralieva/.m2/repository/org/seleniumhq/selenium/selenium-support/3.141.59/selenium-support-3.141.59.jar:/Users/aidaomuralieva/.m2/repository/net/bytebuddy/byte-buddy/1.8.15/byte-buddy-1.8.15.jar:/Users/aidaomuralieva/.m2/repository/org/apache/commons/commons-exec/1.3/commons-exec-1.3.jar:/Users/aidaomuralieva/.m2/repository/com/google/guava/guava/25.0-jre/guava-25.0-jre.jar:/Users/aidaomuralieva/.m2/repository/com/google/code/findbugs/jsr305/1.3.9/jsr305-1.3.9.jar:/Users/aidaomuralieva/.m2/repository/org/checkerframework/checker-compat-qual/2.0.0/checker-compat-qual-2.0.0.jar:/Users/aidaomuralieva/.m2/repository/com/google/errorprone/error_prone_annotations/2.1.3/error_prone_annotations-2.1.3.jar:/Users/aidaomuralieva/.m2/repository/com/google/j2objc/j2objc-annotations/1.1/j2objc-annotations-1.1.jar:/Users/aidaomuralieva/.m2/repository/org/codehaus/mojo/animal-sniffer-annotations/1.14/animal-sniffer-annotations-1.14.jar:/Users/aidaomuralieva/.m2/repository/com/squareup/okhttp3/okhttp/3.11.0/okhttp-3.11.0.jar:/Users/aidaomuralieva/.m2/repository/com/squareup/okio/okio/1.14.0/okio-1.14.0.jar:/Users/aidaomuralieva/.m2/repository/io/github/bonigarcia/webdrivermanager/3.3.0/webdrivermanager-3.3.0.jar:/Users/aidaomuralieva/.m2/repository/org/slf4j/slf4j-api/1.7.25/slf4j-api-1.7.25.jar:/Users/aidaomuralieva/.m2/repository/commons-io/commons-io/2.6/commons-io-2.6.jar:/Users/aidaomuralieva/.m2/repository/com/google/code/gson/gson/2.8.5/gson-2.8.5.jar:/Users/aidaomuralieva/.m2/repository/org/apache/commons/commons-lang3/3.8.1/commons-lang3-3.8.1.jar:/Users/aidaomuralieva/.m2/repository/org/apache/httpcomponents/httpclient/4.5.6/httpclient-4.5.6.jar:/Users/aidaomuralieva/.m2/repository/org/apache/httpcomponents/httpcore/4.4.10/httpcore-4.4.10.jar:/Users/aidaomuralieva/.m2/repository/commons-logging/commons-logging/1.2/commons-logging-1.2.jar:/Users/aidaomuralieva/.m2/repository/org/rauschig/jarchivelib/1.0.0/jarchivelib-1.0.0.jar:/Users/aidaomuralieva/.m2/repository/org/apache/commons/commons-compress/1.18/commons-compress-1.18.jar:/Users/aidaomuralieva/.m2/repository/org/jsoup/jsoup/1.11.3/jsoup-1.11.3.jar:/Users/aidaomuralieva/.m2/repository/org/apache/poi/poi/3.17/poi-3.17.jar:/Users/aidaomuralieva/.m2/repository/commons-codec/commons-codec/1.10/commons-codec-1.10.jar:/Users/aidaomuralieva/.m2/repository/org/apache/commons/commons-collections4/4.1/commons-collections4-4.1.jar:/Users/aidaomuralieva/.m2/repository/com/aventstack/extentreports/3.1.5/extentreports-3.1.5.jar:/Users/aidaomuralieva/.m2/repository/org/freemarker/freemarker/2.3.23/freemarker-2.3.23.jar:/Users/aidaomuralieva/.m2/repository/org/mongodb/mongodb-driver/3.3.0/mongodb-driver-3.3.0.jar:/Users/aidaomuralieva/.m2/repository/org/mongodb/bson/3.3.0/bson-3.3.0.jar:/Users/aidaomuralieva/.m2/repository/org/mongodb/mongodb-driver-core/3.3.0/mongodb-driver-core-3.3.0.jar:/Users/aidaomuralieva/.m2/repository/org/apache/httpcomponents/httpmime/4.5.2/httpmime-4.5.2.jar:/Users/aidaomuralieva/.m2/repository/org/apache/poi/poi-ooxml/3.17/poi-ooxml-3.17.jar:/Users/aidaomuralieva/.m2/repository/org/apache/poi/poi-ooxml-schemas/3.17/poi-ooxml-schemas-3.17.jar:/Users/aidaomuralieva/.m2/repository/org/apache/xmlbeans/xmlbeans/2.6.0/xmlbeans-2.6.0.jar:/Users/aidaomuralieva/.m2/repository/stax/stax-api/1.0.1/stax-api-1.0.1.jar:/Users/aidaomuralieva/.m2/repository/com/github/virtuald/curvesapi/1.04/curvesapi-1.04.jar:/Users/aidaomuralieva/.m2/repository/info/cukes/cucumber-java/1.2.5/cucumber-java-1.2.5.jar:/Users/aidaomuralieva/.m2/repository/info/cukes/cucumber-core/1.2.5/cucumber-core-1.2.5.jar:/Users/aidaomuralieva/.m2/repository/info/cukes/cucumber-html/0.2.3/cucumber-html-0.2.3.jar:/Users/aidaomuralieva/.m2/repository/info/cukes/gherkin/2.12.2/gherkin-2.12.2.jar:/Users/aidaomuralieva/.m2/repository/junit/junit/4.12/junit-4.12.jar:/Users/aidaomuralieva/.m2/repository/org/hamcrest/hamcrest-core/1.3/hamcrest-core-1.3.jar:/Users/aidaomuralieva/.m2/repository/info/cukes/cucumber-junit/1.2.5/cucumber-junit-1.2.5.jar:/Users/aidaomuralieva/.m2/repository/com/oracle/ojdbc6/11.2.0.3/ojdbc6-11.2.0.3.jar:/Users/aidaomuralieva/.m2/repository/io/rest-assured/rest-assured/4.0.0/rest-assured-4.0.0.jar:/Users/aidaomuralieva/.m2/repository/org/codehaus/groovy/groovy-xml/2.5.6/groovy-xml-2.5.6.jar:/Users/aidaomuralieva/.m2/repository/org/hamcrest/hamcrest-library/2.1/hamcrest-library-2.1.jar:/Users/aidaomuralieva/.m2/repository/org/ccil/cowan/tagsoup/tagsoup/1.2.1/tagsoup-1.2.1.jar:/Users/aidaomuralieva/.m2/repository/io/rest-assured/xml-path/4.0.0/xml-path-4.0.0.jar:/Users/aidaomuralieva/.m2/repository/javax/xml/bind/jaxb-api/2.2.12/jaxb-api-2.2.12.jar:/Users/aidaomuralieva/.m2/repository/com/sun/xml/bind/jaxb-osgi/2.2.10/jaxb-osgi-2.2.10.jar:/Users/aidaomuralieva/.m2/repository/org/apache/sling/org.apache.sling.javax.activation/0.1.0/org.apache.sling.javax.activation-0.1.0.jar:/Users/aidaomuralieva/.m2/repository/javax/activation/activation/1.1.1/activation-1.1.1.jar:/Users/aidaomuralieva/.m2/repository/info/cukes/cucumber-jvm-deps/1.0.5/cucumber-jvm-deps-1.0.5.jar:/Users/aidaomuralieva/.m2/repository/org/apache/logging/log4j/log4j-api/2.6.1/log4j-api-2.6.1.jar:/Users/aidaomuralieva/.m2/repository/org/apache/logging/log4j/log4j-core/2.6.1/log4j-core-2.6.1.jar:/Users/aidaomuralieva/.m2/repository/org/slf4j/slf4j-log4j12/1.7.25/slf4j-log4j12-1.7.25.jar:"/>
    <property name="java.vm.vendor" value="Oracle Corporation"/>
    <property name="sun.arch.data.model" value="64"/>
    <property name="java.vendor.url" value="http://java.oracle.com/"/>
    <property name="user.timezone" value=""/>
    <property name="java.vm.specification.version" value="11"/>
    <property name="os.name" value="Mac OS X"/>
    <property name="sun.java.launcher" value="SUN_STANDARD"/>
    <property name="user.country" value="US"/>
    <property name="sun.boot.library.path" value="/Library/Java/JavaVirtualMachines/jdk-11.0.2.jdk/Contents/Home/lib"/>
    <property name="sun.java.command" value="/Users/aidaomuralieva/Downloads/NewFramework/target/surefire/surefirebooter5451757168620951891.jar /Users/aidaomuralieva/Downloads/NewFramework/target/surefire 2019-07-13T12-29-37_820-jvmRun1 surefire5712899895749891305tmp surefire_012345894520881432478tmp"/>
    <property name="http.nonProxyHosts" value="local|*.local|169.254/16|*.169.254/16"/>
    <property name="jdk.debug" value="release"/>
    <property name="surefire.test.class.path" value="/Users/aidaomuralieva/Downloads/NewFramework/target/test-classes:/Users/aidaomuralieva/Downloads/NewFramework/target/classes:/Users/aidaomuralieva/.m2/repository/org/codehaus/jackson/jackson-mapper-asl/1.9.13/jackson-mapper-asl-1.9.13.jar:/Users/aidaomuralieva/.m2/repository/org/codehaus/jackson/jackson-core-asl/1.9.13/jackson-core-asl-1.9.13.jar:/Users/aidaomuralieva/.m2/repository/log4j/log4j/1.2.17/log4j-1.2.17.jar:/Users/aidaomuralieva/.m2/repository/org/hamcrest/hamcrest-all/1.3/hamcrest-all-1.3.jar:/Users/aidaomuralieva/.m2/repository/mysql/mysql-connector-java/6.0.5/mysql-connector-java-6.0.5.jar:/Users/aidaomuralieva/.m2/repository/io/rest-assured/json-path/4.0.0/json-path-4.0.0.jar:/Users/aidaomuralieva/.m2/repository/org/codehaus/groovy/groovy-json/2.5.6/groovy-json-2.5.6.jar:/Users/aidaomuralieva/.m2/repository/org/codehaus/groovy/groovy/2.5.6/groovy-2.5.6.jar:/Users/aidaomuralieva/.m2/repository/io/rest-assured/rest-assured-common/4.0.0/rest-assured-common-4.0.0.jar:/Users/aidaomuralieva/.m2/repository/org/seleniumhq/selenium/selenium-java/3.141.59/selenium-java-3.141.59.jar:/Users/aidaomuralieva/.m2/repository/org/seleniumhq/selenium/selenium-api/3.141.59/selenium-api-3.141.59.jar:/Users/aidaomuralieva/.m2/repository/org/seleniumhq/selenium/selenium-chrome-driver/3.141.59/selenium-chrome-driver-3.141.59.jar:/Users/aidaomuralieva/.m2/repository/org/seleniumhq/selenium/selenium-edge-driver/3.141.59/selenium-edge-driver-3.141.59.jar:/Users/aidaomuralieva/.m2/repository/org/seleniumhq/selenium/selenium-firefox-driver/3.141.59/selenium-firefox-driver-3.141.59.jar:/Users/aidaomuralieva/.m2/repository/org/seleniumhq/selenium/selenium-ie-driver/3.141.59/selenium-ie-driver-3.141.59.jar:/Users/aidaomuralieva/.m2/repository/org/seleniumhq/selenium/selenium-opera-driver/3.141.59/selenium-opera-driver-3.141.59.jar:/Users/aidaomuralieva/.m2/repository/org/seleniumhq/selenium/selenium-remote-driver/3.141.59/selenium-remote-driver-3.141.59.jar:/Users/aidaomuralieva/.m2/repository/org/seleniumhq/selenium/selenium-safari-driver/3.141.59/selenium-safari-driver-3.141.59.jar:/Users/aidaomuralieva/.m2/repository/org/seleniumhq/selenium/selenium-support/3.141.59/selenium-support-3.141.59.jar:/Users/aidaomuralieva/.m2/repository/net/bytebuddy/byte-buddy/1.8.15/byte-buddy-1.8.15.jar:/Users/aidaomuralieva/.m2/repository/org/apache/commons/commons-exec/1.3/commons-exec-1.3.jar:/Users/aidaomuralieva/.m2/repository/com/google/guava/guava/25.0-jre/guava-25.0-jre.jar:/Users/aidaomuralieva/.m2/repository/com/google/code/findbugs/jsr305/1.3.9/jsr305-1.3.9.jar:/Users/aidaomuralieva/.m2/repository/org/checkerframework/checker-compat-qual/2.0.0/checker-compat-qual-2.0.0.jar:/Users/aidaomuralieva/.m2/repository/com/google/errorprone/error_prone_annotations/2.1.3/error_prone_annotations-2.1.3.jar:/Users/aidaomuralieva/.m2/repository/com/google/j2objc/j2objc-annotations/1.1/j2objc-annotations-1.1.jar:/Users/aidaomuralieva/.m2/repository/org/codehaus/mojo/animal-sniffer-annotations/1.14/animal-sniffer-annotations-1.14.jar:/Users/aidaomuralieva/.m2/repository/com/squareup/okhttp3/okhttp/3.11.0/okhttp-3.11.0.jar:/Users/aidaomuralieva/.m2/repository/com/squareup/okio/okio/1.14.0/okio-1.14.0.jar:/Users/aidaomuralieva/.m2/repository/io/github/bonigarcia/webdrivermanager/3.3.0/webdrivermanager-3.3.0.jar:/Users/aidaomuralieva/.m2/repository/org/slf4j/slf4j-api/1.7.25/slf4j-api-1.7.25.jar:/Users/aidaomuralieva/.m2/repository/commons-io/commons-io/2.6/commons-io-2.6.jar:/Users/aidaomuralieva/.m2/repository/com/google/code/gson/gson/2.8.5/gson-2.8.5.jar:/Users/aidaomuralieva/.m2/repository/org/apache/commons/commons-lang3/3.8.1/commons-lang3-3.8.1.jar:/Users/aidaomuralieva/.m2/repository/org/apache/httpcomponents/httpclient/4.5.6/httpclient-4.5.6.jar:/Users/aidaomuralieva/.m2/repository/org/apache/httpcomponents/httpcore/4.4.10/httpcore-4.4.10.jar:/Users/aidaomuralieva/.m2/repository/commons-logging/commons-logging/1.2/commons-logging-1.2.jar:/Users/aidaomuralieva/.m2/repository/org/rauschig/jarchivelib/1.0.0/jarchivelib-1.0.0.jar:/Users/aidaomuralieva/.m2/repository/org/apache/commons/commons-compress/1.18/commons-compress-1.18.jar:/Users/aidaomuralieva/.m2/repository/org/jsoup/jsoup/1.11.3/jsoup-1.11.3.jar:/Users/aidaomuralieva/.m2/repository/org/apache/poi/poi/3.17/poi-3.17.jar:/Users/aidaomuralieva/.m2/repository/commons-codec/commons-codec/1.10/commons-codec-1.10.jar:/Users/aidaomuralieva/.m2/repository/org/apache/commons/commons-collections4/4.1/commons-collections4-4.1.jar:/Users/aidaomuralieva/.m2/repository/com/aventstack/extentreports/3.1.5/extentreports-3.1.5.jar:/Users/aidaomuralieva/.m2/repository/org/freemarker/freemarker/2.3.23/freemarker-2.3.23.jar:/Users/aidaomuralieva/.m2/repository/org/mongodb/mongodb-driver/3.3.0/mongodb-driver-3.3.0.jar:/Users/aidaomuralieva/.m2/repository/org/mongodb/bson/3.3.0/bson-3.3.0.jar:/Users/aidaomuralieva/.m2/repository/org/mongodb/mongodb-driver-core/3.3.0/mongodb-driver-core-3.3.0.jar:/Users/aidaomuralieva/.m2/repository/org/apache/httpcomponents/httpmime/4.5.2/httpmime-4.5.2.jar:/Users/aidaomuralieva/.m2/repository/org/apache/poi/poi-ooxml/3.17/poi-ooxml-3.17.jar:/Users/aidaomuralieva/.m2/repository/org/apache/poi/poi-ooxml-schemas/3.17/poi-ooxml-schemas-3.17.jar:/Users/aidaomuralieva/.m2/repository/org/apache/xmlbeans/xmlbeans/2.6.0/xmlbeans-2.6.0.jar:/Users/aidaomuralieva/.m2/repository/stax/stax-api/1.0.1/stax-api-1.0.1.jar:/Users/aidaomuralieva/.m2/repository/com/github/virtuald/curvesapi/1.04/curvesapi-1.04.jar:/Users/aidaomuralieva/.m2/repository/info/cukes/cucumber-java/1.2.5/cucumber-java-1.2.5.jar:/Users/aidaomuralieva/.m2/repository/info/cukes/cucumber-core/1.2.5/cucumber-core-1.2.5.jar:/Users/aidaomuralieva/.m2/repository/info/cukes/cucumber-html/0.2.3/cucumber-html-0.2.3.jar:/Users/aidaomuralieva/.m2/repository/info/cukes/gherkin/2.12.2/gherkin-2.12.2.jar:/Users/aidaomuralieva/.m2/repository/junit/junit/4.12/junit-4.12.jar:/Users/aidaomuralieva/.m2/repository/org/hamcrest/hamcrest-core/1.3/hamcrest-core-1.3.jar:/Users/aidaomuralieva/.m2/repository/info/cukes/cucumber-junit/1.2.5/cucumber-junit-1.2.5.jar:/Users/aidaomuralieva/.m2/repository/com/oracle/ojdbc6/11.2.0.3/ojdbc6-11.2.0.3.jar:/Users/aidaomuralieva/.m2/repository/io/rest-assured/rest-assured/4.0.0/rest-assured-4.0.0.jar:/Users/aidaomuralieva/.m2/repository/org/codehaus/groovy/groovy-xml/2.5.6/groovy-xml-2.5.6.jar:/Users/aidaomuralieva/.m2/repository/org/hamcrest/hamcrest-library/2.1/hamcrest-library-2.1.jar:/Users/aidaomuralieva/.m2/repository/org/ccil/cowan/tagsoup/tagsoup/1.2.1/tagsoup-1.2.1.jar:/Users/aidaomuralieva/.m2/repository/io/rest-assured/xml-path/4.0.0/xml-path-4.0.0.jar:/Users/aidaomuralieva/.m2/repository/javax/xml/bind/jaxb-api/2.2.12/jaxb-api-2.2.12.jar:/Users/aidaomuralieva/.m2/repository/com/sun/xml/bind/jaxb-osgi/2.2.10/jaxb-osgi-2.2.10.jar:/Users/aidaomuralieva/.m2/repository/org/apache/sling/org.apache.sling.javax.activation/0.1.0/org.apache.sling.javax.activation-0.1.0.jar:/Users/aidaomuralieva/.m2/repository/javax/activation/activation/1.1.1/activation-1.1.1.jar:/Users/aidaomuralieva/.m2/repository/info/cukes/cucumber-jvm-deps/1.0.5/cucumber-jvm-deps-1.0.5.jar:/Users/aidaomuralieva/.m2/repository/org/apache/logging/log4j/log4j-api/2.6.1/log4j-api-2.6.1.jar:/Users/aidaomuralieva/.m2/repository/org/apache/logging/log4j/log4j-core/2.6.1/log4j-core-2.6.1.jar:/Users/aidaomuralieva/.m2/repository/org/slf4j/slf4j-log4j12/1.7.25/slf4j-log4j12-1.7.25.jar:"/>
    <property name="sun.cpu.endian" value="little"/>
    <property name="user.home" value="/Users/aidaomuralieva"/>
    <property name="user.language" value="en"/>
    <property name="java.specification.vendor" value="Oracle Corporation"/>
    <property name="java.version.date" value="2019-01-15"/>
    <property name="java.home" value="/Library/Java/JavaVirtualMachines/jdk-11.0.2.jdk/Contents/Home"/>
    <property name="file.separator" value="/"/>
    <property name="basedir" value="/Users/aidaomuralieva/Downloads/NewFramework"/>
    <property name="java.vm.compressedOopsMode" value="Zero based"/>
    <property name="line.separator" value="&#10;"/>
    <property name="java.specification.name" value="Java Platform API Specification"/>
    <property name="java.vm.specification.vendor" value="Oracle Corporation"/>
    <property name="java.awt.graphicsenv" value="sun.awt.CGraphicsEnvironment"/>
    <property name="surefire.real.class.path" value="/Users/aidaomuralieva/Downloads/NewFramework/target/surefire/surefirebooter5451757168620951891.jar"/>
    <property name="sun.management.compiler" value="HotSpot 64-Bit Tiered Compilers"/>
    <property name="ftp.nonProxyHosts" value="local|*.local|169.254/16|*.169.254/16"/>
    <property name="java.runtime.version" value="11.0.2+9-LTS"/>
    <property name="user.name" value="aidaomuralieva"/>
    <property name="path.separator" value=":"/>
    <property name="os.version" value="10.14.5"/>
    <property name="java.runtime.name" value="Java(TM) SE Runtime Environment"/>
    <property name="file.encoding" value="UTF-8"/>
    <property name="java.vm.name" value="Java HotSpot(TM) 64-Bit Server VM"/>
    <property name="java.vendor.version" value="18.9"/>
    <property name="localRepository" value="/Users/aidaomuralieva/.m2/repository"/>
    <property name="java.vendor.url.bug" value="http://bugreport.java.com/bugreport/"/>
    <property name="java.io.tmpdir" value="/var/folders/1n/91vzrb3d4mz7g6hm040f5b_80000gn/T/"/>
    <property name="java.version" value="11.0.2"/>
    <property name="user.dir" value="/Users/aidaomuralieva/Downloads/NewFramework"/>
    <property name="os.arch" value="x86_64"/>
    <property name="java.vm.specification.name" value="Java Virtual Machine Specification"/>
    <property name="java.awt.printerjob" value="sun.lwawt.macosx.CPrinterJob"/>
    <property name="idea.version2019.1.3" value="true"/>
    <property name="sun.os.patch.level" value="unknown"/>
    <property name="java.library.path" value="/Users/aidaomuralieva/Library/Java/Extensions:/Library/Java/Extensions:/Network/Library/Java/Extensions:/System/Library/Java/Extensions:/usr/lib/java:."/>
    <property name="java.vendor" value="Oracle Corporation"/>
    <property name="java.vm.info" value="mixed mode"/>
    <property name="java.vm.version" value="11.0.2+9-LTS"/>
    <property name="sun.io.unicode.encoding" value="UnicodeBig"/>
    <property name="java.class.version" value="55.0"/>
    <property name="socksNonProxyHosts" value="local|*.local|169.254/16|*.169.254/16"/>
  </properties>
  <testcase name="Given user is authorized to create post" classname="Scenario: Only api and ui job" time="0.003"/>
  <testcase name="When user creates API post with &quot;Cool title with API&quot;, &quot;Cool content&quot; and &quot;publish&quot;" classname="Scenario: Only api and ui job" time="0"/>
  <testcase name="Then user verifies the post with ui" classname="Scenario: Only api and ui job" time="0.001"/>
  <testcase name="Scenario: Only api and ui job" classname="Scenario: Only api and ui job" time="0.1"/>
  <testcase name="Given user is authorized to create post through ui" classname="Scenario: Only ui and api job" time="0"/>
  <testcase name="When user creates UI post with &quot;Good title with UI&quot;, &quot;Good content&quot; and &quot;publish&quot;" classname="Scenario: Only ui and api job" time="0"/>
  <testcase name="Then user verifies the post with api" classname="Scenario: Only ui and api job" time="0"/>
  <testcase name="Scenario: Only ui and api job" classname="Scenario: Only ui and api job" time="0.122"/>
  <testcase name="Given user is authorized to create post through ui" classname="Scenario: Only ui and DB job" time="0"/>
  <testcase name="When user creates UI post with &quot;Great title with UI&quot;, &quot;Great content&quot; and &quot;publish&quot;" classname="Scenario: Only ui and DB job" time="0.001"/>
  <testcase name="Then user verifies the post with DB" classname="Scenario: Only ui and DB job" time="0.001"/>
  <testcase name="Scenario: Only ui and DB job" classname="Scenario: Only ui and DB job" time="0.258"/>
  <testcase name="Given user is authorized to create post" classname="Scenario: Only DB and api job" time="0.001"/>
  <testcase name="When user creates post with JDBC" classname="Scenario: Only DB and api job" time="0"/>
  <testcase name="Then user verifies the JDBC post with api" classname="Scenario: Only DB and api job" time="0"/>
  <testcase name="Scenario: Only DB and api job" classname="Scenario: Only DB and api job" time="0.089"/>
</testsuite>